[I 2023-01-31 01:19:16,797] Trial 78 finished with value: -0.5381776666666668 and parameters: {'learning_rate_3_exp': -3, 'n_steps_2exp': 5, 'batch_size_2exp': 6, 'n_epochs': 4, 'net_arch_dim_2exp': 10, 'net_arch_layers': 4}. Best is trial 47 with value: 0.20815533333333333.
[I 2023-01-31 01:23:02,532] Trial 79 finished with value: 0.19475166666666666 and parameters: {'learning_rate_3_exp': -5, 'n_steps_2exp': 8, 'batch_size_2exp': 8, 'n_epochs': 5, 'net_arch_dim_2exp': 6, 'net_arch_layers': 3}. Best is trial 47 with value: 0.20815533333333333.
[I 2023-01-31 01:26:53,095] Trial 80 finished with value: -0.8212086666666667 and parameters: {'learning_rate_3_exp': -4, 'n_steps_2exp': 8, 'batch_size_2exp': 8, 'n_epochs': 5, 'net_arch_dim_2exp': 6, 'net_arch_layers': 5}. Best is trial 47 with value: 0.20815533333333333.
[I 2023-01-31 01:31:07,702] Trial 81 finished with value: -0.6204623333333333 and parameters: {'learning_rate_3_exp': -5, 'n_steps_2exp': 8, 'batch_size_2exp': 8, 'n_epochs': 5, 'net_arch_dim_2exp': 6, 'net_arch_layers': 3}. Best is trial 47 with value: 0.20815533333333333.
[I 2023-01-31 01:34:51,587] Trial 82 finished with value: -0.5214996666666667 and parameters: {'learning_rate_3_exp': -5, 'n_steps_2exp': 8, 'batch_size_2exp': 8, 'n_epochs': 5, 'net_arch_dim_2exp': 6, 'net_arch_layers': 3}. Best is trial 47 with value: 0.20815533333333333.
[I 2023-01-31 01:40:38,826] Trial 83 finished with value: -1.095369 and parameters: {'learning_rate_3_exp': -5, 'n_steps_2exp': 8, 'batch_size_2exp': 8, 'n_epochs': 5, 'net_arch_dim_2exp': 6, 'net_arch_layers': 3}. Best is trial 47 with value: 0.20815533333333333.
[I 2023-01-31 01:44:33,952] Trial 84 finished with value: -0.8564336666666666 and parameters: {'learning_rate_3_exp': -5, 'n_steps_2exp': 7, 'batch_size_2exp': 8, 'n_epochs': 5, 'net_arch_dim_2exp': 7, 'net_arch_layers': 3}. Best is trial 47 with value: 0.20815533333333333.
[I 2023-01-31 01:56:47,320] Trial 85 finished with value: -0.3596026666666667 and parameters: {'learning_rate_3_exp': -5, 'n_steps_2exp': 4, 'batch_size_2exp': 6, 'n_epochs': 5, 'net_arch_dim_2exp': 6, 'net_arch_layers': 3}. Best is trial 47 with value: 0.20815533333333333.
[I 2023-01-31 02:02:02,910] Trial 86 finished with value: -0.9681890000000001 and parameters: {'learning_rate_3_exp': -5, 'n_steps_2exp': 8, 'batch_size_2exp': 6, 'n_epochs': 5, 'net_arch_dim_2exp': 10, 'net_arch_layers': 3}. Best is trial 47 with value: 0.20815533333333333.
[I 2023-01-31 02:08:41,924] Trial 87 finished with value: -0.26260633333333333 and parameters: {'learning_rate_3_exp': -3, 'n_steps_2exp': 3, 'batch_size_2exp': 7, 'n_epochs': 4, 'net_arch_dim_2exp': 8, 'net_arch_layers': 3}. Best is trial 47 with value: 0.20815533333333333.
[I 2023-01-31 02:12:41,794] Trial 88 finished with value: -0.786614 and parameters: {'learning_rate_3_exp': -5, 'n_steps_2exp': 7, 'batch_size_2exp': 7, 'n_epochs': 5, 'net_arch_dim_2exp': 7, 'net_arch_layers': 5}. Best is trial 47 with value: 0.20815533333333333.
[I 2023-01-31 02:23:07,728] Trial 89 finished with value: -0.8378396666666666 and parameters: {'learning_rate_3_exp': -3, 'n_steps_2exp': 4, 'batch_size_2exp': 8, 'n_epochs': 5, 'net_arch_dim_2exp': 6, 'net_arch_layers': 4}. Best is trial 47 with value: 0.20815533333333333.
[I 2023-01-31 02:48:17,021] Trial 90 finished with value: 0.007555333333333334 and parameters: {'learning_rate_3_exp': -5, 'n_steps_2exp': 1, 'batch_size_2exp': 5, 'n_epochs': 5, 'net_arch_dim_2exp': 10, 'net_arch_layers': 5}. Best is trial 47 with value: 0.20815533333333333.
[I 2023-01-31 02:48:17,695] Trial 91 finished with value: -999.0 and parameters: {'learning_rate_3_exp': -5, 'n_steps_2exp': 0, 'batch_size_2exp': 5, 'n_epochs': 5, 'net_arch_dim_2exp': 10, 'net_arch_layers': 5}. Best is trial 47 with value: 0.20815533333333333.
Expected parameter logits (Tensor of shape (1, 3)) of distribution MaskableCategorical(logits: torch.Size([1, 3])) to satisfy the constraint IndependentConstraint(Real(), 1), but found invalid values:
tensor([[nan, nan, nan]], device='cuda:0', grad_fn=<SubBackward0>)
[I 2023-01-31 03:04:46,258] Trial 92 finished with value: -0.009927333333333335 and parameters: {'learning_rate_3_exp': -5, 'n_steps_2exp': 2, 'batch_size_2exp': 5, 'n_epochs': 5, 'net_arch_dim_2exp': 10, 'net_arch_layers': 5}. Best is trial 47 with value: 0.20815533333333333.
[I 2023-01-31 03:27:55,914] Trial 93 finished with value: -0.1371403333333333 and parameters: {'learning_rate_3_exp': -5, 'n_steps_2exp': 1, 'batch_size_2exp': 5, 'n_epochs': 5, 'net_arch_dim_2exp': 10, 'net_arch_layers': 5}. Best is trial 47 with value: 0.20815533333333333.
[I 2023-01-31 04:02:10,640] Trial 94 finished with value: -0.0028663333333333336 and parameters: {'learning_rate_3_exp': -5, 'n_steps_2exp': 1, 'batch_size_2exp': 5, 'n_epochs': 5, 'net_arch_dim_2exp': 10, 'net_arch_layers': 5}. Best is trial 47 with value: 0.20815533333333333.
[I 2023-01-31 04:47:43,578] Trial 95 finished with value: -0.26596166666666665 and parameters: {'learning_rate_3_exp': -5, 'n_steps_2exp': 1, 'batch_size_2exp': 5, 'n_epochs': 5, 'net_arch_dim_2exp': 10, 'net_arch_layers': 5}. Best is trial 47 with value: 0.20815533333333333.
[I 2023-01-31 05:30:27,088] Trial 96 finished with value: -0.004809666666666667 and parameters: {'learning_rate_3_exp': -5, 'n_steps_2exp': 1, 'batch_size_2exp': 5, 'n_epochs': 5, 'net_arch_dim_2exp': 10, 'net_arch_layers': 5}. Best is trial 47 with value: 0.20815533333333333.
[I 2023-01-31 05:30:27,700] Trial 97 finished with value: -999.0 and parameters: {'learning_rate_3_exp': -3, 'n_steps_2exp': 0, 'batch_size_2exp': 5, 'n_epochs': 5, 'net_arch_dim_2exp': 10, 'net_arch_layers': 5}. Best is trial 47 with value: 0.20815533333333333.
Expected parameter logits (Tensor of shape (1, 3)) of distribution MaskableCategorical(logits: torch.Size([1, 3])) to satisfy the constraint IndependentConstraint(Real(), 1), but found invalid values:
tensor([[nan, nan, nan]], device='cuda:0', grad_fn=<SubBackward0>)
[I 2023-01-31 05:48:56,050] Trial 98 finished with value: -0.37979466666666667 and parameters: {'learning_rate_3_exp': -5, 'n_steps_2exp': 2, 'batch_size_2exp': 5, 'n_epochs': 4, 'net_arch_dim_2exp': 10, 'net_arch_layers': 5}. Best is trial 47 with value: 0.20815533333333333.